*** DEBUG: /work/sca-datasets/bin/datasets-certs.sh: datasetsTmpPath: /work/sca-datasets/tmp, certScsDir: cert-supportconfigs, certSubsPath: /work/sca-datasets/rawdata/cert-subs, datasetsPath: /work/sca-datasets/datasets
*** DEBUG: /work/sca-datasets/bin/datasets-certs.sh: sc: /mnt/datalake/rawdata/cert-supportconfigs/76397/nts_linux_220105_1800.tbz
*** DEBUG: /work/sca-datasets/bin/datasets-certs.sh: scNum: 1, scMd5: 705b31652e419d48a3a4f8c11023e933
*** DEBUG: /work/sca-datasets/bin/datasets-certs.sh: zipIndex: 76397
*** DEBUG: /work/sca-datasets/bin/datasets-certs.sh: subFile: /work/sca-datasets/rawdata/cert-subs/607197.html
*** DEBUG: /work/sca-datasets/bin/datasets-certs.sh: bulletinId: 151196
*** DEBUG: /work/sca-datasets/bin/datasets-certs.sh: sc: /mnt/datalake/rawdata/cert-supportconfigs/76397/zipname.txt
*** DEBUG: /work/sca-datasets/bin/datasets-certs.sh: scNum: 2, scMd5: 918cb5e07d32aded4a320c3a791afac4
*** DEBUG: /work/sca-datasets/bin/datasets-certs.sh: zipIndex: 76397
*** DEBUG: /work/sca-datasets/bin/datasets-certs.sh: subFile: /work/sca-datasets/rawdata/cert-subs/607197.html
*** DEBUG: /work/sca-datasets/bin/datasets-certs.sh: bulletinId: 151196
*** DEBUG: /work/sca-datasets/bin/datasets-certs.sh: sc: /mnt/datalake/rawdata/cert-supportconfigs/76398/scc_localhost_220110_1608.txz
*** DEBUG: /work/sca-datasets/bin/datasets-certs.sh: scNum: 3, scMd5: b859f863d3d3fa8efcc5c247307b6de4
*** DEBUG: /work/sca-datasets/bin/datasets-certs.sh: zipIndex: 76398
*** DEBUG: /work/sca-datasets/bin/datasets-certs.sh: subFile: /work/sca-datasets/rawdata/cert-subs/607199.html
*** DEBUG: /work/sca-datasets/bin/datasets-certs.sh: bulletinId: 151201
*** DEBUG: /work/sca-datasets/bin/datasets-certs.sh: sc: /mnt/datalake/rawdata/cert-supportconfigs/76398/zipname.txt
*** DEBUG: /work/sca-datasets/bin/datasets-certs.sh: scNum: 4, scMd5: 23cbbe0d3bb72776c8b07cb72a8deea7
*** DEBUG: /work/sca-datasets/bin/datasets-certs.sh: zipIndex: 76398
*** DEBUG: /work/sca-datasets/bin/datasets-certs.sh: subFile: /work/sca-datasets/rawdata/cert-subs/607199.html
*** DEBUG: /work/sca-datasets/bin/datasets-certs.sh: bulletinId: 151201
*** DEBUG: /work/sca-datasets/bin/datasets-certs.sh: sc: /mnt/datalake/rawdata/cert-supportconfigs/76399/scc_SUT-w530_220111_1649.txz
*** DEBUG: /work/sca-datasets/bin/datasets-certs.sh: scNum: 5, scMd5: 5e60d7c1198386e3bfdd7726d6f00b53
*** DEBUG: /work/sca-datasets/bin/datasets-certs.sh: zipIndex: 76399
*** DEBUG: /work/sca-datasets/bin/datasets-certs.sh: subFile: /work/sca-datasets/rawdata/cert-subs/607200.html
*** DEBUG: /work/sca-datasets/bin/datasets-certs.sh: bulletinId: 
*** DEBUG: /work/sca-datasets/bin/datasets-certs.sh: sc: /mnt/datalake/rawdata/cert-supportconfigs/76399/zipname.txt
*** DEBUG: /work/sca-datasets/bin/datasets-certs.sh: scNum: 6, scMd5: 80407678462550e34622d75936ffd56d
*** DEBUG: /work/sca-datasets/bin/datasets-certs.sh: zipIndex: 76399
*** DEBUG: /work/sca-datasets/bin/datasets-certs.sh: subFile: /work/sca-datasets/rawdata/cert-subs/607200.html
*** DEBUG: /work/sca-datasets/bin/datasets-certs.sh: bulletinId: 
*** DEBUG: /work/sca-datasets/bin/datasets-certs.sh: sc: /mnt/datalake/rawdata/cert-supportconfigs/76400/scc_SUT-w530_220111_1649.txz
*** DEBUG: /work/sca-datasets/bin/datasets-certs.sh: scNum: 7, scMd5: 5e60d7c1198386e3bfdd7726d6f00b53
*** DEBUG: /work/sca-datasets/bin/datasets-certs.sh: zipIndex: 76400
*** DEBUG: /work/sca-datasets/bin/datasets-certs.sh: subFile: /work/sca-datasets/rawdata/cert-subs/607201.html
*** DEBUG: /work/sca-datasets/bin/datasets-certs.sh: bulletinId: 
*** DEBUG: /work/sca-datasets/bin/datasets-certs.sh: sc: /mnt/datalake/rawdata/cert-supportconfigs/76400/zipname.txt
*** DEBUG: /work/sca-datasets/bin/datasets-certs.sh: scNum: 8, scMd5: 3765bc20d3782688dde4b9d8547340a9
*** DEBUG: /work/sca-datasets/bin/datasets-certs.sh: zipIndex: 76400
*** DEBUG: /work/sca-datasets/bin/datasets-certs.sh: subFile: /work/sca-datasets/rawdata/cert-subs/607201.html
*** DEBUG: /work/sca-datasets/bin/datasets-certs.sh: bulletinId: 
*** DEBUG: /work/sca-datasets/bin/datasets-certs.sh: sc: /mnt/datalake/rawdata/cert-supportconfigs/76401/nts_SUT-w530_220112_1924.tbz
*** DEBUG: /work/sca-datasets/bin/datasets-certs.sh: scNum: 9, scMd5: ee5a12070292fd05357b3015dd6fda79
*** DEBUG: /work/sca-datasets/bin/datasets-certs.sh: zipIndex: 76401
*** DEBUG: /work/sca-datasets/bin/datasets-certs.sh: subFile: /work/sca-datasets/rawdata/cert-subs/607202.html
*** DEBUG: /work/sca-datasets/bin/datasets-certs.sh: bulletinId: 
*** DEBUG: /work/sca-datasets/bin/datasets-certs.sh: sc: /mnt/datalake/rawdata/cert-supportconfigs/76401/zipname.txt
*** DEBUG: /work/sca-datasets/bin/datasets-certs.sh: scNum: 10, scMd5: df8fd4cbef8fc6b62c0d17f544851062
*** DEBUG: /work/sca-datasets/bin/datasets-certs.sh: zipIndex: 76401
*** DEBUG: /work/sca-datasets/bin/datasets-certs.sh: subFile: /work/sca-datasets/rawdata/cert-subs/607202.html
*** DEBUG: /work/sca-datasets/bin/datasets-certs.sh: bulletinId: 
*** DEBUG: /work/sca-datasets/bin/datasets-certs.sh: sc: /mnt/datalake/rawdata/cert-supportconfigs/76402/scc_sut-w530_220113_1725.txz
*** DEBUG: /work/sca-datasets/bin/datasets-certs.sh: scNum: 11, scMd5: 74a3ccec0b746307d1e2cec6a3fdb845
*** DEBUG: /work/sca-datasets/bin/datasets-certs.sh: zipIndex: 76402
*** DEBUG: /work/sca-datasets/bin/datasets-certs.sh: subFile: /work/sca-datasets/rawdata/cert-subs/607204.html
*** DEBUG: /work/sca-datasets/bin/datasets-certs.sh: bulletinId: 
*** DEBUG: /work/sca-datasets/bin/datasets-certs.sh: sc: /mnt/datalake/rawdata/cert-supportconfigs/76402/zipname.txt
*** DEBUG: /work/sca-datasets/bin/datasets-certs.sh: scNum: 12, scMd5: 8433eda2287e0097386bbaa6a67792d2
*** DEBUG: /work/sca-datasets/bin/datasets-certs.sh: zipIndex: 76402
*** DEBUG: /work/sca-datasets/bin/datasets-certs.sh: subFile: /work/sca-datasets/rawdata/cert-subs/607204.html
*** DEBUG: /work/sca-datasets/bin/datasets-certs.sh: bulletinId: 
*** DEBUG: /work/sca-datasets/bin/datasets-certs.sh: sc: /mnt/datalake/rawdata/cert-supportconfigs/76403/scc_sut-w530_220113_1725.txz
*** DEBUG: /work/sca-datasets/bin/datasets-certs.sh: scNum: 13, scMd5: 74a3ccec0b746307d1e2cec6a3fdb845
*** DEBUG: /work/sca-datasets/bin/datasets-certs.sh: zipIndex: 76403
*** DEBUG: /work/sca-datasets/bin/datasets-certs.sh: subFile: /work/sca-datasets/rawdata/cert-subs/607205.html
*** DEBUG: /work/sca-datasets/bin/datasets-certs.sh: bulletinId: 
*** DEBUG: /work/sca-datasets/bin/datasets-certs.sh: sc: /mnt/datalake/rawdata/cert-supportconfigs/76403/zipname.txt
*** DEBUG: /work/sca-datasets/bin/datasets-certs.sh: scNum: 14, scMd5: 8433eda2287e0097386bbaa6a67792d2
*** DEBUG: /work/sca-datasets/bin/datasets-certs.sh: zipIndex: 76403
*** DEBUG: /work/sca-datasets/bin/datasets-certs.sh: subFile: /work/sca-datasets/rawdata/cert-subs/607205.html
*** DEBUG: /work/sca-datasets/bin/datasets-certs.sh: bulletinId: 
*** DEBUG: /work/sca-datasets/bin/datasets-certs.sh: sc: /mnt/datalake/rawdata/cert-supportconfigs/76404/scc_localhost.localdomain_220118_1040.txz
*** DEBUG: /work/sca-datasets/bin/datasets-certs.sh: scNum: 15, scMd5: db30e8ab9225b46b2d88036426b93c16
*** DEBUG: /work/sca-datasets/bin/datasets-certs.sh: zipIndex: 76404
*** DEBUG: /work/sca-datasets/bin/datasets-certs.sh: subFile: /work/sca-datasets/rawdata/cert-subs/607206.html
*** DEBUG: /work/sca-datasets/bin/datasets-certs.sh: bulletinId: 
*** DEBUG: /work/sca-datasets/bin/datasets-certs.sh: sc: /mnt/datalake/rawdata/cert-supportconfigs/76404/zipname.txt
*** DEBUG: /work/sca-datasets/bin/datasets-certs.sh: scNum: 16, scMd5: 625d6249291fe1809ee6b50497759c4b
*** DEBUG: /work/sca-datasets/bin/datasets-certs.sh: zipIndex: 76404
*** DEBUG: /work/sca-datasets/bin/datasets-certs.sh: subFile: /work/sca-datasets/rawdata/cert-subs/607206.html
*** DEBUG: /work/sca-datasets/bin/datasets-certs.sh: bulletinId: 
*** DEBUG: /work/sca-datasets/bin/datasets-certs.sh: sc: /mnt/datalake/rawdata/cert-supportconfigs/76405/scc_localhost_220120_1729.txz
*** DEBUG: /work/sca-datasets/bin/datasets-certs.sh: scNum: 17, scMd5: bac2ee620cbee9451de335ee9aff5e9d
*** DEBUG: /work/sca-datasets/bin/datasets-certs.sh: zipIndex: 76405
*** DEBUG: /work/sca-datasets/bin/datasets-certs.sh: subFile: /work/sca-datasets/rawdata/cert-subs/607207.html
*** DEBUG: /work/sca-datasets/bin/datasets-certs.sh: bulletinId: 151209
*** DEBUG: /work/sca-datasets/bin/datasets-certs.sh: sc: /mnt/datalake/rawdata/cert-supportconfigs/76405/zipname.txt
*** DEBUG: /work/sca-datasets/bin/datasets-certs.sh: scNum: 18, scMd5: 3203570bf233b22a3a730472b5b8c47b
*** DEBUG: /work/sca-datasets/bin/datasets-certs.sh: zipIndex: 76405
*** DEBUG: /work/sca-datasets/bin/datasets-certs.sh: subFile: /work/sca-datasets/rawdata/cert-subs/607207.html
*** DEBUG: /work/sca-datasets/bin/datasets-certs.sh: bulletinId: 151209
*** DEBUG: /work/sca-datasets/bin/datasets-certs.sh: sc: /mnt/datalake/rawdata/cert-supportconfigs/76406/scc_install_220120_1549.txz
*** DEBUG: /work/sca-datasets/bin/datasets-certs.sh: scNum: 19, scMd5: 28bbfaa69afaf6128d66f11e88c03f0e
*** DEBUG: /work/sca-datasets/bin/datasets-certs.sh: zipIndex: 76406
*** DEBUG: /work/sca-datasets/bin/datasets-certs.sh: subFile: /work/sca-datasets/rawdata/cert-subs/607208.html
*** DEBUG: /work/sca-datasets/bin/datasets-certs.sh: bulletinId: 151207
*** DEBUG: /work/sca-datasets/bin/datasets-certs.sh: sc: /mnt/datalake/rawdata/cert-supportconfigs/76406/zipname.txt
*** DEBUG: /work/sca-datasets/bin/datasets-certs.sh: scNum: 20, scMd5: d895796006e0e68935e1085c85ccf9a8
*** DEBUG: /work/sca-datasets/bin/datasets-certs.sh: zipIndex: 76406
*** DEBUG: /work/sca-datasets/bin/datasets-certs.sh: subFile: /work/sca-datasets/rawdata/cert-subs/607208.html
*** DEBUG: /work/sca-datasets/bin/datasets-certs.sh: bulletinId: 151207
*** DEBUG: /work/sca-datasets/bin/datasets-certs.sh: sc: /mnt/datalake/rawdata/cert-supportconfigs/76407/nts_linux_220121_0937.tbz
*** DEBUG: /work/sca-datasets/bin/datasets-certs.sh: scNum: 21, scMd5: 6169b38b4781b9474ed769b88858acb4
*** DEBUG: /work/sca-datasets/bin/datasets-certs.sh: zipIndex: 76407
*** DEBUG: /work/sca-datasets/bin/datasets-certs.sh: subFile: /work/sca-datasets/rawdata/cert-subs/607212.html
*** DEBUG: /work/sca-datasets/bin/datasets-certs.sh: bulletinId: 
*** DEBUG: /work/sca-datasets/bin/datasets-certs.sh: sc: /mnt/datalake/rawdata/cert-supportconfigs/76407/nts_linux_220121_1235.tbz
*** DEBUG: /work/sca-datasets/bin/datasets-certs.sh: scNum: 22, scMd5: 7e5ae61216f5e579595846420bfd3962
*** DEBUG: /work/sca-datasets/bin/datasets-certs.sh: zipIndex: 76407
*** DEBUG: /work/sca-datasets/bin/datasets-certs.sh: subFile: /work/sca-datasets/rawdata/cert-subs/607212.html
*** DEBUG: /work/sca-datasets/bin/datasets-certs.sh: bulletinId: 
*** DEBUG: /work/sca-datasets/bin/datasets-certs.sh: sc: /mnt/datalake/rawdata/cert-supportconfigs/76407/scc_dell-p3430b-sles15sp3_220121_1047.txz
*** DEBUG: /work/sca-datasets/bin/datasets-certs.sh: scNum: 23, scMd5: 3393a50b4b807c89391e07e368947f7c
*** DEBUG: /work/sca-datasets/bin/datasets-certs.sh: zipIndex: 76407
*** DEBUG: /work/sca-datasets/bin/datasets-certs.sh: subFile: /work/sca-datasets/rawdata/cert-subs/607212.html
*** DEBUG: /work/sca-datasets/bin/datasets-certs.sh: bulletinId: 
*** DEBUG: /work/sca-datasets/bin/datasets-certs.sh: sc: /mnt/datalake/rawdata/cert-supportconfigs/76407/scc_dell-p3430b-sles15sp3_220121_1319.txz
*** DEBUG: /work/sca-datasets/bin/datasets-certs.sh: scNum: 24, scMd5: 7479e973b739b5584d9ad9cb06744ffc
*** DEBUG: /work/sca-datasets/bin/datasets-certs.sh: zipIndex: 76407
*** DEBUG: /work/sca-datasets/bin/datasets-certs.sh: subFile: /work/sca-datasets/rawdata/cert-subs/607212.html
*** DEBUG: /work/sca-datasets/bin/datasets-certs.sh: bulletinId: 
*** DEBUG: /work/sca-datasets/bin/datasets-certs.sh: sc: /mnt/datalake/rawdata/cert-supportconfigs/76407/scc_install_220121_0937.txz
*** DEBUG: /work/sca-datasets/bin/datasets-certs.sh: scNum: 25, scMd5: 9050dd46f86990165b8b446d73cae1ba
*** DEBUG: /work/sca-datasets/bin/datasets-certs.sh: zipIndex: 76407
*** DEBUG: /work/sca-datasets/bin/datasets-certs.sh: subFile: /work/sca-datasets/rawdata/cert-subs/607212.html
*** DEBUG: /work/sca-datasets/bin/datasets-certs.sh: bulletinId: 
*** DEBUG: /work/sca-datasets/bin/datasets-certs.sh: sc: /mnt/datalake/rawdata/cert-supportconfigs/76407/zipname.txt
*** DEBUG: /work/sca-datasets/bin/datasets-certs.sh: scNum: 26, scMd5: d33611ea361314d589a6d03a80395e4f
*** DEBUG: /work/sca-datasets/bin/datasets-certs.sh: zipIndex: 76407
*** DEBUG: /work/sca-datasets/bin/datasets-certs.sh: subFile: /work/sca-datasets/rawdata/cert-subs/607212.html
*** DEBUG: /work/sca-datasets/bin/datasets-certs.sh: bulletinId: 
*** DEBUG: /work/sca-datasets/bin/datasets-certs.sh: sc: /mnt/datalake/rawdata/cert-supportconfigs/76408/scc_localhost_220121_2039.txz
*** DEBUG: /work/sca-datasets/bin/datasets-certs.sh: scNum: 27, scMd5: 1c288f35b1342b3efca306a514dbba06
*** DEBUG: /work/sca-datasets/bin/datasets-certs.sh: zipIndex: 76408
*** DEBUG: /work/sca-datasets/bin/datasets-certs.sh: subFile: /work/sca-datasets/rawdata/cert-subs/607213.html
*** DEBUG: /work/sca-datasets/bin/datasets-certs.sh: bulletinId: 151210
*** DEBUG: /work/sca-datasets/bin/datasets-certs.sh: sc: /mnt/datalake/rawdata/cert-supportconfigs/76408/scc_localhost_220122_1428.txz
*** DEBUG: /work/sca-datasets/bin/datasets-certs.sh: scNum: 28, scMd5: 0b3b601a76cce8811d3a0323bc85e3de
*** DEBUG: /work/sca-datasets/bin/datasets-certs.sh: zipIndex: 76408
*** DEBUG: /work/sca-datasets/bin/datasets-certs.sh: subFile: /work/sca-datasets/rawdata/cert-subs/607213.html
*** DEBUG: /work/sca-datasets/bin/datasets-certs.sh: bulletinId: 151210
*** DEBUG: /work/sca-datasets/bin/datasets-certs.sh: sc: /mnt/datalake/rawdata/cert-supportconfigs/76408/scc_localhost_220122_1636.txz
*** DEBUG: /work/sca-datasets/bin/datasets-certs.sh: scNum: 29, scMd5: 0b0205d0f3f8e674ab5bb9a3d04a468e
*** DEBUG: /work/sca-datasets/bin/datasets-certs.sh: zipIndex: 76408
*** DEBUG: /work/sca-datasets/bin/datasets-certs.sh: subFile: /work/sca-datasets/rawdata/cert-subs/607213.html
*** DEBUG: /work/sca-datasets/bin/datasets-certs.sh: bulletinId: 151210
*** DEBUG: /work/sca-datasets/bin/datasets-certs.sh: sc: /mnt/datalake/rawdata/cert-supportconfigs/76408/scc_localhost_220122_1731.txz
*** DEBUG: /work/sca-datasets/bin/datasets-certs.sh: scNum: 30, scMd5: d824667163b62248df80fb73bd6d420b
*** DEBUG: /work/sca-datasets/bin/datasets-certs.sh: zipIndex: 76408
*** DEBUG: /work/sca-datasets/bin/datasets-certs.sh: subFile: /work/sca-datasets/rawdata/cert-subs/607213.html
*** DEBUG: /work/sca-datasets/bin/datasets-certs.sh: bulletinId: 151210
*** DEBUG: /work/sca-datasets/bin/datasets-certs.sh: sc: /mnt/datalake/rawdata/cert-supportconfigs/76408/zipname.txt
*** DEBUG: /work/sca-datasets/bin/datasets-certs.sh: scNum: 31, scMd5: 1250aba3a5d1cd230810ee220ed25eb1
*** DEBUG: /work/sca-datasets/bin/datasets-certs.sh: zipIndex: 76408
*** DEBUG: /work/sca-datasets/bin/datasets-certs.sh: subFile: /work/sca-datasets/rawdata/cert-subs/607213.html
*** DEBUG: /work/sca-datasets/bin/datasets-certs.sh: bulletinId: 151210
*** DEBUG: /work/sca-datasets/bin/datasets-certs.sh: sc: /mnt/datalake/rawdata/cert-supportconfigs/76409/nts_linux_200104_1533.tbz
*** DEBUG: /work/sca-datasets/bin/datasets-certs.sh: scNum: 32, scMd5: 6e3c029fcf6b997dca5e2fcc3d3c2e07
*** DEBUG: /work/sca-datasets/bin/datasets-certs.sh: zipIndex: 76409
*** DEBUG: /work/sca-datasets/bin/datasets-certs.sh: subFile: /work/sca-datasets/rawdata/cert-subs/607215.html
*** DEBUG: /work/sca-datasets/bin/datasets-certs.sh: bulletinId: 
*** DEBUG: /work/sca-datasets/bin/datasets-certs.sh: sc: /mnt/datalake/rawdata/cert-supportconfigs/76409/nts_linux_200105_1507.tbz
*** DEBUG: /work/sca-datasets/bin/datasets-certs.sh: scNum: 33, scMd5: 63181744482376221b727f586b359bc2
*** DEBUG: /work/sca-datasets/bin/datasets-certs.sh: zipIndex: 76409
*** DEBUG: /work/sca-datasets/bin/datasets-certs.sh: subFile: /work/sca-datasets/rawdata/cert-subs/607215.html
*** DEBUG: /work/sca-datasets/bin/datasets-certs.sh: bulletinId: 
*** DEBUG: /work/sca-datasets/bin/datasets-certs.sh: sc: /mnt/datalake/rawdata/cert-supportconfigs/76409/zipname.txt
*** DEBUG: /work/sca-datasets/bin/datasets-certs.sh: scNum: 34, scMd5: b70ca24f87c14752af27cf7f9ad07d73
*** DEBUG: /work/sca-datasets/bin/datasets-certs.sh: zipIndex: 76409
*** DEBUG: /work/sca-datasets/bin/datasets-certs.sh: subFile: /work/sca-datasets/rawdata/cert-subs/607215.html
*** DEBUG: /work/sca-datasets/bin/datasets-certs.sh: bulletinId: 
*** DEBUG: /work/sca-datasets/bin/datasets-certs.sh: sc: /mnt/datalake/rawdata/cert-supportconfigs/76410/scc_localhost_200106_1514.txz
*** DEBUG: /work/sca-datasets/bin/datasets-certs.sh: scNum: 35, scMd5: 14ed34711f096e3c04a3066679876cc3
*** DEBUG: /work/sca-datasets/bin/datasets-certs.sh: zipIndex: 76410
*** DEBUG: /work/sca-datasets/bin/datasets-certs.sh: subFile: /work/sca-datasets/rawdata/cert-subs/607216.html
*** DEBUG: /work/sca-datasets/bin/datasets-certs.sh: bulletinId: 
*** DEBUG: /work/sca-datasets/bin/datasets-certs.sh: sc: /mnt/datalake/rawdata/cert-supportconfigs/76410/scc_localhost_200106_1515.txz
*** DEBUG: /work/sca-datasets/bin/datasets-certs.sh: scNum: 36, scMd5: ea377204f7c573f09f018946ff175d30
*** DEBUG: /work/sca-datasets/bin/datasets-certs.sh: zipIndex: 76410
*** DEBUG: /work/sca-datasets/bin/datasets-certs.sh: subFile: /work/sca-datasets/rawdata/cert-subs/607216.html
*** DEBUG: /work/sca-datasets/bin/datasets-certs.sh: bulletinId: 
*** DEBUG: /work/sca-datasets/bin/datasets-certs.sh: sc: /mnt/datalake/rawdata/cert-supportconfigs/76410/zipname.txt
*** DEBUG: /work/sca-datasets/bin/datasets-certs.sh: scNum: 37, scMd5: 7b1d1635cc17e966d347f34dce07b309
*** DEBUG: /work/sca-datasets/bin/datasets-certs.sh: zipIndex: 76410
*** DEBUG: /work/sca-datasets/bin/datasets-certs.sh: subFile: /work/sca-datasets/rawdata/cert-subs/607216.html
*** DEBUG: /work/sca-datasets/bin/datasets-certs.sh: bulletinId: 
*** DEBUG: /work/sca-datasets/bin/datasets-certs.sh: sc: /mnt/datalake/rawdata/cert-supportconfigs/76411/scc_sut20_211122_1506.txz
*** DEBUG: /work/sca-datasets/bin/datasets-certs.sh: scNum: 38, scMd5: 5057b4230214ea591b5d5c124941a304
*** DEBUG: /work/sca-datasets/bin/datasets-certs.sh: zipIndex: 76411
*** DEBUG: /work/sca-datasets/bin/datasets-certs.sh: subFile: /work/sca-datasets/rawdata/cert-subs/607217.html
*** DEBUG: /work/sca-datasets/bin/datasets-certs.sh: bulletinId: 
*** DEBUG: /work/sca-datasets/bin/datasets-certs.sh: sc: /mnt/datalake/rawdata/cert-supportconfigs/76411/zipname.txt
*** DEBUG: /work/sca-datasets/bin/datasets-certs.sh: scNum: 39, scMd5: 595923ec2d0677ee2847afe9cf844fc7
*** DEBUG: /work/sca-datasets/bin/datasets-certs.sh: zipIndex: 76411
*** DEBUG: /work/sca-datasets/bin/datasets-certs.sh: subFile: /work/sca-datasets/rawdata/cert-subs/607217.html
*** DEBUG: /work/sca-datasets/bin/datasets-certs.sh: bulletinId: 
*** DEBUG: /work/sca-datasets/bin/datasets-certs.sh: sc: /mnt/datalake/rawdata/cert-supportconfigs/76412/scc_localhost.localdomain_220118_1040.txz
*** DEBUG: /work/sca-datasets/bin/datasets-certs.sh: scNum: 40, scMd5: db30e8ab9225b46b2d88036426b93c16
*** DEBUG: /work/sca-datasets/bin/datasets-certs.sh: zipIndex: 76412
*** DEBUG: /work/sca-datasets/bin/datasets-certs.sh: subFile: /work/sca-datasets/rawdata/cert-subs/607218.html
*** DEBUG: /work/sca-datasets/bin/datasets-certs.sh: bulletinId: 
*** DEBUG: /work/sca-datasets/bin/datasets-certs.sh: sc: /mnt/datalake/rawdata/cert-supportconfigs/76412/scc_localhost.localdomain_220128_1526.txz
*** DEBUG: /work/sca-datasets/bin/datasets-certs.sh: scNum: 41, scMd5: 08e1901f92f7906c5d15e163207cc283
*** DEBUG: /work/sca-datasets/bin/datasets-certs.sh: zipIndex: 76412
*** DEBUG: /work/sca-datasets/bin/datasets-certs.sh: subFile: /work/sca-datasets/rawdata/cert-subs/607218.html
*** DEBUG: /work/sca-datasets/bin/datasets-certs.sh: bulletinId: 
*** DEBUG: /work/sca-datasets/bin/datasets-certs.sh: sc: /mnt/datalake/rawdata/cert-supportconfigs/76412/zipname.txt
*** DEBUG: /work/sca-datasets/bin/datasets-certs.sh: scNum: 42, scMd5: 94fad3ea675d5b2c5bad0c6c11bdb40f
*** DEBUG: /work/sca-datasets/bin/datasets-certs.sh: zipIndex: 76412
*** DEBUG: /work/sca-datasets/bin/datasets-certs.sh: subFile: /work/sca-datasets/rawdata/cert-subs/607218.html
*** DEBUG: /work/sca-datasets/bin/datasets-certs.sh: bulletinId: 
*** DEBUG: /work/sca-datasets/bin/datasets-certs.sh: sc: /mnt/datalake/rawdata/cert-supportconfigs/76413/nts_linux-4ncg_220131_2116.tbz
*** DEBUG: /work/sca-datasets/bin/datasets-certs.sh: scNum: 43, scMd5: 50c90581bf756e00a2b997b07e46bfe3
*** DEBUG: /work/sca-datasets/bin/datasets-certs.sh: zipIndex: 76413
*** DEBUG: /work/sca-datasets/bin/datasets-certs.sh: subFile: /work/sca-datasets/rawdata/cert-subs/607219.html
*** DEBUG: /work/sca-datasets/bin/datasets-certs.sh: bulletinId: 
*** DEBUG: /work/sca-datasets/bin/datasets-certs.sh: sc: /mnt/datalake/rawdata/cert-supportconfigs/76413/zipname.txt
*** DEBUG: /work/sca-datasets/bin/datasets-certs.sh: scNum: 44, scMd5: 031ea59093b0d889a37ad1f279850542
*** DEBUG: /work/sca-datasets/bin/datasets-certs.sh: zipIndex: 76413
*** DEBUG: /work/sca-datasets/bin/datasets-certs.sh: subFile: /work/sca-datasets/rawdata/cert-subs/607219.html
*** DEBUG: /work/sca-datasets/bin/datasets-certs.sh: bulletinId: 
*** DEBUG: /work/sca-datasets/bin/datasets-certs.sh: sc: /mnt/datalake/rawdata/cert-supportconfigs/76417/scc_localhost_220127_1330.txz
*** DEBUG: /work/sca-datasets/bin/datasets-certs.sh: scNum: 45, scMd5: 2b835e917f3e707c1853793fd71304f9
*** DEBUG: /work/sca-datasets/bin/datasets-certs.sh: zipIndex: 76417
*** DEBUG: /work/sca-datasets/bin/datasets-certs.sh: subFile: /work/sca-datasets/rawdata/cert-subs/607225.html
*** DEBUG: /work/sca-datasets/bin/datasets-certs.sh: bulletinId: 
*** DEBUG: /work/sca-datasets/bin/datasets-certs.sh: sc: /mnt/datalake/rawdata/cert-supportconfigs/76417/zipname.txt
*** DEBUG: /work/sca-datasets/bin/datasets-certs.sh: scNum: 46, scMd5: 870ffc184aea16b065920a839e3876a5
*** DEBUG: /work/sca-datasets/bin/datasets-certs.sh: zipIndex: 76417
*** DEBUG: /work/sca-datasets/bin/datasets-certs.sh: subFile: /work/sca-datasets/rawdata/cert-subs/607225.html
*** DEBUG: /work/sca-datasets/bin/datasets-certs.sh: bulletinId: 
*** DEBUG: /work/sca-datasets/bin/datasets-certs.sh: sc: /mnt/datalake/rawdata/cert-supportconfigs/76418/scc_localhost_220127_1330.txz
*** DEBUG: /work/sca-datasets/bin/datasets-certs.sh: scNum: 47, scMd5: 2b835e917f3e707c1853793fd71304f9
*** DEBUG: /work/sca-datasets/bin/datasets-certs.sh: zipIndex: 76418
*** DEBUG: /work/sca-datasets/bin/datasets-certs.sh: subFile: /work/sca-datasets/rawdata/cert-subs/607229.html
*** DEBUG: /work/sca-datasets/bin/datasets-certs.sh: bulletinId: 
*** DEBUG: /work/sca-datasets/bin/datasets-certs.sh: sc: /mnt/datalake/rawdata/cert-supportconfigs/76418/zipname.txt
*** DEBUG: /work/sca-datasets/bin/datasets-certs.sh: scNum: 48, scMd5: 870ffc184aea16b065920a839e3876a5
*** DEBUG: /work/sca-datasets/bin/datasets-certs.sh: zipIndex: 76418
*** DEBUG: /work/sca-datasets/bin/datasets-certs.sh: subFile: /work/sca-datasets/rawdata/cert-subs/607229.html
*** DEBUG: /work/sca-datasets/bin/datasets-certs.sh: bulletinId: 
*** DEBUG: /work/sca-datasets/bin/datasets-certs.sh: sc: /mnt/datalake/rawdata/cert-supportconfigs/76419/scc_install_220125_1325.txz
*** DEBUG: /work/sca-datasets/bin/datasets-certs.sh: scNum: 49, scMd5: 9049ad493e74c0d63f534d3447a45a85
*** DEBUG: /work/sca-datasets/bin/datasets-certs.sh: zipIndex: 76419
*** DEBUG: /work/sca-datasets/bin/datasets-certs.sh: subFile: /work/sca-datasets/rawdata/cert-subs/607230.html
*** DEBUG: /work/sca-datasets/bin/datasets-certs.sh: bulletinId: 151222
*** DEBUG: /work/sca-datasets/bin/datasets-certs.sh: sc: /mnt/datalake/rawdata/cert-supportconfigs/76419/zipname.txt
*** DEBUG: /work/sca-datasets/bin/datasets-certs.sh: scNum: 50, scMd5: f97df2c919d3a001ea4f2c165389a8c9
*** DEBUG: /work/sca-datasets/bin/datasets-certs.sh: zipIndex: 76419
*** DEBUG: /work/sca-datasets/bin/datasets-certs.sh: subFile: /work/sca-datasets/rawdata/cert-subs/607230.html
*** DEBUG: /work/sca-datasets/bin/datasets-certs.sh: bulletinId: 151222
*** DEBUG: /work/sca-datasets/bin/datasets-certs.sh: sc: /mnt/datalake/rawdata/cert-supportconfigs/76420/scc_localhost_220127_1330.txz
*** DEBUG: /work/sca-datasets/bin/datasets-certs.sh: scNum: 51, scMd5: 2b835e917f3e707c1853793fd71304f9
*** DEBUG: /work/sca-datasets/bin/datasets-certs.sh: zipIndex: 76420
*** DEBUG: /work/sca-datasets/bin/datasets-certs.sh: subFile: /work/sca-datasets/rawdata/cert-subs/607233.html
*** DEBUG: /work/sca-datasets/bin/datasets-certs.sh: bulletinId: 151223
*** DEBUG: /work/sca-datasets/bin/datasets-certs.sh: sc: /mnt/datalake/rawdata/cert-supportconfigs/76420/zipname.txt
*** DEBUG: /work/sca-datasets/bin/datasets-certs.sh: scNum: 52, scMd5: 870ffc184aea16b065920a839e3876a5
*** DEBUG: /work/sca-datasets/bin/datasets-certs.sh: zipIndex: 76420
*** DEBUG: /work/sca-datasets/bin/datasets-certs.sh: subFile: /work/sca-datasets/rawdata/cert-subs/607233.html
*** DEBUG: /work/sca-datasets/bin/datasets-certs.sh: bulletinId: 151223
*** DEBUG: /work/sca-datasets/bin/datasets-certs.sh: sc: /mnt/datalake/rawdata/cert-supportconfigs/76421/scc_SUT_220124_2248.txz
*** DEBUG: /work/sca-datasets/bin/datasets-certs.sh: scNum: 53, scMd5: 63d5ede549917be68ac933334f487c64
*** DEBUG: /work/sca-datasets/bin/datasets-certs.sh: zipIndex: 76421
*** DEBUG: /work/sca-datasets/bin/datasets-certs.sh: subFile: /work/sca-datasets/rawdata/cert-subs/607234.html
*** DEBUG: /work/sca-datasets/bin/datasets-certs.sh: bulletinId: 
*** DEBUG: /work/sca-datasets/bin/datasets-certs.sh: sc: /mnt/datalake/rawdata/cert-supportconfigs/76421/scc_SUT_220125_2228.txz
*** DEBUG: /work/sca-datasets/bin/datasets-certs.sh: scNum: 54, scMd5: 7d7ac27323170096dad5784e7e618977
*** DEBUG: /work/sca-datasets/bin/datasets-certs.sh: zipIndex: 76421
*** DEBUG: /work/sca-datasets/bin/datasets-certs.sh: subFile: /work/sca-datasets/rawdata/cert-subs/607234.html
*** DEBUG: /work/sca-datasets/bin/datasets-certs.sh: bulletinId: 
*** DEBUG: /work/sca-datasets/bin/datasets-certs.sh: sc: /mnt/datalake/rawdata/cert-supportconfigs/76421/zipname.txt
*** DEBUG: /work/sca-datasets/bin/datasets-certs.sh: scNum: 55, scMd5: c4da4770c0228faea7bb08e85e8fd9a4
*** DEBUG: /work/sca-datasets/bin/datasets-certs.sh: zipIndex: 76421
*** DEBUG: /work/sca-datasets/bin/datasets-certs.sh: subFile: /work/sca-datasets/rawdata/cert-subs/607234.html
*** DEBUG: /work/sca-datasets/bin/datasets-certs.sh: bulletinId: 
*** DEBUG: /work/sca-datasets/bin/datasets-certs.sh: sc: /mnt/datalake/rawdata/cert-supportconfigs/76422/scc_SUT_220127_0805.txz
*** DEBUG: /work/sca-datasets/bin/datasets-certs.sh: scNum: 56, scMd5: 8121ed2e429470af1ac301a0aa765d85
*** DEBUG: /work/sca-datasets/bin/datasets-certs.sh: zipIndex: 76422
*** DEBUG: /work/sca-datasets/bin/datasets-certs.sh: subFile: /work/sca-datasets/rawdata/cert-subs/607235.html
*** DEBUG: /work/sca-datasets/bin/datasets-certs.sh: bulletinId: 
*** DEBUG: /work/sca-datasets/bin/datasets-certs.sh: sc: /mnt/datalake/rawdata/cert-supportconfigs/76422/scc_SUT_220127_1022.txz
*** DEBUG: /work/sca-datasets/bin/datasets-certs.sh: scNum: 57, scMd5: 0c9aeae3acf4d5e8cf09216a42fdec33
*** DEBUG: /work/sca-datasets/bin/datasets-certs.sh: zipIndex: 76422
*** DEBUG: /work/sca-datasets/bin/datasets-certs.sh: subFile: /work/sca-datasets/rawdata/cert-subs/607235.html
*** DEBUG: /work/sca-datasets/bin/datasets-certs.sh: bulletinId: 
*** DEBUG: /work/sca-datasets/bin/datasets-certs.sh: sc: /mnt/datalake/rawdata/cert-supportconfigs/76422/scc_install_220126_1536.txz
*** DEBUG: /work/sca-datasets/bin/datasets-certs.sh: scNum: 58, scMd5: eacd12eea870cae0b9459738615879c3
*** DEBUG: /work/sca-datasets/bin/datasets-certs.sh: zipIndex: 76422
*** DEBUG: /work/sca-datasets/bin/datasets-certs.sh: subFile: /work/sca-datasets/rawdata/cert-subs/607235.html
*** DEBUG: /work/sca-datasets/bin/datasets-certs.sh: bulletinId: 
*** DEBUG: /work/sca-datasets/bin/datasets-certs.sh: sc: /mnt/datalake/rawdata/cert-supportconfigs/76422/scc_install_220127_0913.txz
*** DEBUG: /work/sca-datasets/bin/datasets-certs.sh: scNum: 59, scMd5: 2cf2285be1f2c0838fb5908e6443b41a
*** DEBUG: /work/sca-datasets/bin/datasets-certs.sh: zipIndex: 76422
*** DEBUG: /work/sca-datasets/bin/datasets-certs.sh: subFile: /work/sca-datasets/rawdata/cert-subs/607235.html
*** DEBUG: /work/sca-datasets/bin/datasets-certs.sh: bulletinId: 
*** DEBUG: /work/sca-datasets/bin/datasets-certs.sh: sc: /mnt/datalake/rawdata/cert-supportconfigs/76422/zipname.txt
*** DEBUG: /work/sca-datasets/bin/datasets-certs.sh: scNum: 60, scMd5: a453be83b85be3c7c5067ff84f9dc316
*** DEBUG: /work/sca-datasets/bin/datasets-certs.sh: zipIndex: 76422
*** DEBUG: /work/sca-datasets/bin/datasets-certs.sh: subFile: /work/sca-datasets/rawdata/cert-subs/607235.html
*** DEBUG: /work/sca-datasets/bin/datasets-certs.sh: bulletinId: 
*** DEBUG: /work/sca-datasets/bin/datasets-certs.sh: sc: /mnt/datalake/rawdata/cert-supportconfigs/76423/scc_SUT_220125_1811.txz
*** DEBUG: /work/sca-datasets/bin/datasets-certs.sh: scNum: 61, scMd5: abdbfc2ef5b4a32263409bc651e85d43
*** DEBUG: /work/sca-datasets/bin/datasets-certs.sh: zipIndex: 76423
*** DEBUG: /work/sca-datasets/bin/datasets-certs.sh: subFile: /work/sca-datasets/rawdata/cert-subs/607236.html
*** DEBUG: /work/sca-datasets/bin/datasets-certs.sh: bulletinId: 
*** DEBUG: /work/sca-datasets/bin/datasets-certs.sh: sc: /mnt/datalake/rawdata/cert-supportconfigs/76423/scc_SUT_220126_1850.txz
*** DEBUG: /work/sca-datasets/bin/datasets-certs.sh: scNum: 62, scMd5: ea2483d0dcb99501d341b6e766acd3dd
*** DEBUG: /work/sca-datasets/bin/datasets-certs.sh: zipIndex: 76423
*** DEBUG: /work/sca-datasets/bin/datasets-certs.sh: subFile: /work/sca-datasets/rawdata/cert-subs/607236.html
*** DEBUG: /work/sca-datasets/bin/datasets-certs.sh: bulletinId: 
*** DEBUG: /work/sca-datasets/bin/datasets-certs.sh: sc: /mnt/datalake/rawdata/cert-supportconfigs/76423/zipname.txt
*** DEBUG: /work/sca-datasets/bin/datasets-certs.sh: scNum: 63, scMd5: f0f24622c45eaabe9a808de8b35ea83e
*** DEBUG: /work/sca-datasets/bin/datasets-certs.sh: zipIndex: 76423
*** DEBUG: /work/sca-datasets/bin/datasets-certs.sh: subFile: /work/sca-datasets/rawdata/cert-subs/607236.html
*** DEBUG: /work/sca-datasets/bin/datasets-certs.sh: bulletinId: 
*** DEBUG: /work/sca-datasets/bin/datasets-certs.sh: sc: /mnt/datalake/rawdata/cert-supportconfigs/76424/scc_SUT_220128_0816.txz
*** DEBUG: /work/sca-datasets/bin/datasets-certs.sh: scNum: 64, scMd5: ce34d864ff56e967fee51c698bf903f4
*** DEBUG: /work/sca-datasets/bin/datasets-certs.sh: zipIndex: 76424
*** DEBUG: /work/sca-datasets/bin/datasets-certs.sh: subFile: /work/sca-datasets/rawdata/cert-subs/607237.html
*** DEBUG: /work/sca-datasets/bin/datasets-certs.sh: bulletinId: 
*** DEBUG: /work/sca-datasets/bin/datasets-certs.sh: sc: /mnt/datalake/rawdata/cert-supportconfigs/76424/scc_SUT_220128_1008.txz
*** DEBUG: /work/sca-datasets/bin/datasets-certs.sh: scNum: 65, scMd5: 1b8d5782f7fab7572dfbdb986cafecdf
*** DEBUG: /work/sca-datasets/bin/datasets-certs.sh: zipIndex: 76424
*** DEBUG: /work/sca-datasets/bin/datasets-certs.sh: subFile: /work/sca-datasets/rawdata/cert-subs/607237.html
*** DEBUG: /work/sca-datasets/bin/datasets-certs.sh: bulletinId: 
*** DEBUG: /work/sca-datasets/bin/datasets-certs.sh: sc: /mnt/datalake/rawdata/cert-supportconfigs/76424/scc_install_220127_1434.txz
*** DEBUG: /work/sca-datasets/bin/datasets-certs.sh: scNum: 66, scMd5: 94678c01380778b5cf773a3332bf4bea
*** DEBUG: /work/sca-datasets/bin/datasets-certs.sh: zipIndex: 76424
*** DEBUG: /work/sca-datasets/bin/datasets-certs.sh: subFile: /work/sca-datasets/rawdata/cert-subs/607237.html
*** DEBUG: /work/sca-datasets/bin/datasets-certs.sh: bulletinId: 
*** DEBUG: /work/sca-datasets/bin/datasets-certs.sh: sc: /mnt/datalake/rawdata/cert-supportconfigs/76424/scc_install_220128_0919.txz
*** DEBUG: /work/sca-datasets/bin/datasets-certs.sh: scNum: 67, scMd5: daa1019df669a9bc98a866fbe4429ff6
*** DEBUG: /work/sca-datasets/bin/datasets-certs.sh: zipIndex: 76424
*** DEBUG: /work/sca-datasets/bin/datasets-certs.sh: subFile: /work/sca-datasets/rawdata/cert-subs/607237.html
*** DEBUG: /work/sca-datasets/bin/datasets-certs.sh: bulletinId: 
*** DEBUG: /work/sca-datasets/bin/datasets-certs.sh: sc: /mnt/datalake/rawdata/cert-supportconfigs/76424/zipname.txt
*** DEBUG: /work/sca-datasets/bin/datasets-certs.sh: scNum: 68, scMd5: 162aec86fc2e19bbb85f7d88244fb3f5
*** DEBUG: /work/sca-datasets/bin/datasets-certs.sh: zipIndex: 76424
*** DEBUG: /work/sca-datasets/bin/datasets-certs.sh: subFile: /work/sca-datasets/rawdata/cert-subs/607237.html
*** DEBUG: /work/sca-datasets/bin/datasets-certs.sh: bulletinId: 
*** DEBUG: /work/sca-datasets/bin/datasets-certs.sh: sc: /mnt/datalake/rawdata/cert-supportconfigs/76425/scc_SUT_220207_1542.txz
*** DEBUG: /work/sca-datasets/bin/datasets-certs.sh: scNum: 69, scMd5: 8da2c71e10628b1b81226f4adb050941
*** DEBUG: /work/sca-datasets/bin/datasets-certs.sh: zipIndex: 76425
*** DEBUG: /work/sca-datasets/bin/datasets-certs.sh: subFile: /work/sca-datasets/rawdata/cert-subs/607238.html
*** DEBUG: /work/sca-datasets/bin/datasets-certs.sh: bulletinId: 
*** DEBUG: /work/sca-datasets/bin/datasets-certs.sh: sc: /mnt/datalake/rawdata/cert-supportconfigs/76425/zipname.txt
*** DEBUG: /work/sca-datasets/bin/datasets-certs.sh: scNum: 70, scMd5: 23189f6f023b1d7b7a987412474f78ec
*** DEBUG: /work/sca-datasets/bin/datasets-certs.sh: zipIndex: 76425
*** DEBUG: /work/sca-datasets/bin/datasets-certs.sh: subFile: /work/sca-datasets/rawdata/cert-subs/607238.html
*** DEBUG: /work/sca-datasets/bin/datasets-certs.sh: bulletinId: 
*** DEBUG: /work/sca-datasets/bin/datasets-certs.sh: sc: /mnt/datalake/rawdata/cert-supportconfigs/76426/nts_SUT_220208_1702.tbz
*** DEBUG: /work/sca-datasets/bin/datasets-certs.sh: scNum: 71, scMd5: 13dfd5ffc4d6fc832cdba5acfb29a9d3
*** DEBUG: /work/sca-datasets/bin/datasets-certs.sh: zipIndex: 76426
*** DEBUG: /work/sca-datasets/bin/datasets-certs.sh: subFile: /work/sca-datasets/rawdata/cert-subs/607239.html
*** DEBUG: /work/sca-datasets/bin/datasets-certs.sh: bulletinId: 
*** DEBUG: /work/sca-datasets/bin/datasets-certs.sh: sc: /mnt/datalake/rawdata/cert-supportconfigs/76426/zipname.txt
*** DEBUG: /work/sca-datasets/bin/datasets-certs.sh: scNum: 72, scMd5: ef7375048c7b3d6dd0637b5499145d90
*** DEBUG: /work/sca-datasets/bin/datasets-certs.sh: zipIndex: 76426
*** DEBUG: /work/sca-datasets/bin/datasets-certs.sh: subFile: /work/sca-datasets/rawdata/cert-subs/607239.html
*** DEBUG: /work/sca-datasets/bin/datasets-certs.sh: bulletinId: 
*** DEBUG: /work/sca-datasets/bin/datasets-certs.sh: sc: /mnt/datalake/rawdata/cert-supportconfigs/76427/nts_linux-12qv_220204_0006.tbz
*** DEBUG: /work/sca-datasets/bin/datasets-certs.sh: scNum: 73, scMd5: 1fe951a66c24eeb7edd97310f4343445
*** DEBUG: /work/sca-datasets/bin/datasets-certs.sh: zipIndex: 76427
*** DEBUG: /work/sca-datasets/bin/datasets-certs.sh: subFile: /work/sca-datasets/rawdata/cert-subs/607240.html
*** DEBUG: /work/sca-datasets/bin/datasets-certs.sh: bulletinId: 
*** DEBUG: /work/sca-datasets/bin/datasets-certs.sh: sc: /mnt/datalake/rawdata/cert-supportconfigs/76427/zipname.txt
*** DEBUG: /work/sca-datasets/bin/datasets-certs.sh: scNum: 74, scMd5: 38d774a3ac8bac27075e5cdc764899a3
*** DEBUG: /work/sca-datasets/bin/datasets-certs.sh: zipIndex: 76427
*** DEBUG: /work/sca-datasets/bin/datasets-certs.sh: subFile: /work/sca-datasets/rawdata/cert-subs/607240.html
*** DEBUG: /work/sca-datasets/bin/datasets-certs.sh: bulletinId: 
*** DEBUG: /work/sca-datasets/bin/datasets-certs.sh: sc: /mnt/datalake/rawdata/cert-supportconfigs/76428/scc_install_220210_1427.txz
*** DEBUG: /work/sca-datasets/bin/datasets-certs.sh: scNum: 75, scMd5: c75ca0d50fdbb648ff2e8ba0ca1c6f67
*** DEBUG: /work/sca-datasets/bin/datasets-certs.sh: zipIndex: 76428
*** DEBUG: /work/sca-datasets/bin/datasets-certs.sh: subFile: /work/sca-datasets/rawdata/cert-subs/607241.html
*** DEBUG: /work/sca-datasets/bin/datasets-certs.sh: bulletinId: 
*** DEBUG: /work/sca-datasets/bin/datasets-certs.sh: sc: /mnt/datalake/rawdata/cert-supportconfigs/76428/scc_install_220210_1512.txz
*** DEBUG: /work/sca-datasets/bin/datasets-certs.sh: scNum: 76, scMd5: 35ef1583f51c3f5fa4bcdf2a12283b64
*** DEBUG: /work/sca-datasets/bin/datasets-certs.sh: zipIndex: 76428
*** DEBUG: /work/sca-datasets/bin/datasets-certs.sh: subFile: /work/sca-datasets/rawdata/cert-subs/607241.html
*** DEBUG: /work/sca-datasets/bin/datasets-certs.sh: bulletinId: 
*** DEBUG: /work/sca-datasets/bin/datasets-certs.sh: sc: /mnt/datalake/rawdata/cert-supportconfigs/76428/scc_install_220210_1629.txz
*** DEBUG: /work/sca-datasets/bin/datasets-certs.sh: scNum: 77, scMd5: 732fbc01b8cbf3744b76732ae03de80b
*** DEBUG: /work/sca-datasets/bin/datasets-certs.sh: zipIndex: 76428
*** DEBUG: /work/sca-datasets/bin/datasets-certs.sh: subFile: /work/sca-datasets/rawdata/cert-subs/607241.html
*** DEBUG: /work/sca-datasets/bin/datasets-certs.sh: bulletinId: 
*** DEBUG: /work/sca-datasets/bin/datasets-certs.sh: sc: /mnt/datalake/rawdata/cert-supportconfigs/76428/scc_install_220210_1712.txz
*** DEBUG: /work/sca-datasets/bin/datasets-certs.sh: scNum: 78, scMd5: 6089d424f42738fefd642a731eda8277
*** DEBUG: /work/sca-datasets/bin/datasets-certs.sh: zipIndex: 76428
*** DEBUG: /work/sca-datasets/bin/datasets-certs.sh: subFile: /work/sca-datasets/rawdata/cert-subs/607241.html
*** DEBUG: /work/sca-datasets/bin/datasets-certs.sh: bulletinId: 
*** DEBUG: /work/sca-datasets/bin/datasets-certs.sh: sc: /mnt/datalake/rawdata/cert-supportconfigs/76428/zipname.txt
*** DEBUG: /work/sca-datasets/bin/datasets-certs.sh: scNum: 79, scMd5: d28db17ac0e272e27deaeb40d543d6e1
*** DEBUG: /work/sca-datasets/bin/datasets-certs.sh: zipIndex: 76428
*** DEBUG: /work/sca-datasets/bin/datasets-certs.sh: subFile: /work/sca-datasets/rawdata/cert-subs/607241.html
*** DEBUG: /work/sca-datasets/bin/datasets-certs.sh: bulletinId: 
*** DEBUG: /work/sca-datasets/bin/datasets-certs.sh: sc: /mnt/datalake/rawdata/cert-supportconfigs/76429/nts_linux_220211_0203.tbz
*** DEBUG: /work/sca-datasets/bin/datasets-certs.sh: scNum: 80, scMd5: 9d843137a42273cf0818b5484b0e61cf
*** DEBUG: /work/sca-datasets/bin/datasets-certs.sh: zipIndex: 76429
*** DEBUG: /work/sca-datasets/bin/datasets-certs.sh: subFile: /work/sca-datasets/rawdata/cert-subs/607242.html
*** DEBUG: /work/sca-datasets/bin/datasets-certs.sh: bulletinId: 
*** DEBUG: /work/sca-datasets/bin/datasets-certs.sh: sc: /mnt/datalake/rawdata/cert-supportconfigs/76429/nts_linux_220211_0227.tbz
*** DEBUG: /work/sca-datasets/bin/datasets-certs.sh: scNum: 81, scMd5: ad275597a069689f01e9beb5974dc51a
*** DEBUG: /work/sca-datasets/bin/datasets-certs.sh: zipIndex: 76429
*** DEBUG: /work/sca-datasets/bin/datasets-certs.sh: subFile: /work/sca-datasets/rawdata/cert-subs/607242.html
*** DEBUG: /work/sca-datasets/bin/datasets-certs.sh: bulletinId: 
*** DEBUG: /work/sca-datasets/bin/datasets-certs.sh: sc: /mnt/datalake/rawdata/cert-supportconfigs/76429/nts_linux_220211_0308.tbz
*** DEBUG: /work/sca-datasets/bin/datasets-certs.sh: scNum: 82, scMd5: 1a68bc9e6dcbd024cacc616889c56554
*** DEBUG: /work/sca-datasets/bin/datasets-certs.sh: zipIndex: 76429
*** DEBUG: /work/sca-datasets/bin/datasets-certs.sh: subFile: /work/sca-datasets/rawdata/cert-subs/607242.html
*** DEBUG: /work/sca-datasets/bin/datasets-certs.sh: bulletinId: 
*** DEBUG: /work/sca-datasets/bin/datasets-certs.sh: sc: /mnt/datalake/rawdata/cert-supportconfigs/76429/nts_linux_220211_0613.tbz
*** DEBUG: /work/sca-datasets/bin/datasets-certs.sh: scNum: 83, scMd5: 1e1dfaf9205cd92000290e9a27100a14
*** DEBUG: /work/sca-datasets/bin/datasets-certs.sh: zipIndex: 76429
*** DEBUG: /work/sca-datasets/bin/datasets-certs.sh: subFile: /work/sca-datasets/rawdata/cert-subs/607242.html
*** DEBUG: /work/sca-datasets/bin/datasets-certs.sh: bulletinId: 
*** DEBUG: /work/sca-datasets/bin/datasets-certs.sh: sc: /mnt/datalake/rawdata/cert-supportconfigs/76429/nts_linux_220211_0711.tbz
*** DEBUG: /work/sca-datasets/bin/datasets-certs.sh: scNum: 84, scMd5: 48edf11109ba4f9500b76d40323fdeba
*** DEBUG: /work/sca-datasets/bin/datasets-certs.sh: zipIndex: 76429
*** DEBUG: /work/sca-datasets/bin/datasets-certs.sh: subFile: /work/sca-datasets/rawdata/cert-subs/607242.html
*** DEBUG: /work/sca-datasets/bin/datasets-certs.sh: bulletinId: 
*** DEBUG: /work/sca-datasets/bin/datasets-certs.sh: sc: /mnt/datalake/rawdata/cert-supportconfigs/76429/nts_linux_220211_0819.tbz
*** DEBUG: /work/sca-datasets/bin/datasets-certs.sh: scNum: 85, scMd5: b047442aada8a3acac1a1c61132e9316
*** DEBUG: /work/sca-datasets/bin/datasets-certs.sh: zipIndex: 76429
*** DEBUG: /work/sca-datasets/bin/datasets-certs.sh: subFile: /work/sca-datasets/rawdata/cert-subs/607242.html
*** DEBUG: /work/sca-datasets/bin/datasets-certs.sh: bulletinId: 
*** DEBUG: /work/sca-datasets/bin/datasets-certs.sh: sc: /mnt/datalake/rawdata/cert-supportconfigs/76429/zipname.txt
*** DEBUG: /work/sca-datasets/bin/datasets-certs.sh: scNum: 86, scMd5: 7d894da5e51687aa90375c1f9aa6958c
*** DEBUG: /work/sca-datasets/bin/datasets-certs.sh: zipIndex: 76429
*** DEBUG: /work/sca-datasets/bin/datasets-certs.sh: subFile: /work/sca-datasets/rawdata/cert-subs/607242.html
*** DEBUG: /work/sca-datasets/bin/datasets-certs.sh: bulletinId: 
*** DEBUG: /work/sca-datasets/bin/datasets-certs.sh: sc: /mnt/datalake/rawdata/cert-supportconfigs/76430/scc_sut_220210_0852.txz
*** DEBUG: /work/sca-datasets/bin/datasets-certs.sh: scNum: 87, scMd5: 5a7204a336663690e92ac283f437117e
*** DEBUG: /work/sca-datasets/bin/datasets-certs.sh: zipIndex: 76430
*** DEBUG: /work/sca-datasets/bin/datasets-certs.sh: subFile: /work/sca-datasets/rawdata/cert-subs/607243.html
*** DEBUG: /work/sca-datasets/bin/datasets-certs.sh: bulletinId: 
*** DEBUG: /work/sca-datasets/bin/datasets-certs.sh: sc: /mnt/datalake/rawdata/cert-supportconfigs/76430/scc_sut_220210_1501.txz
*** DEBUG: /work/sca-datasets/bin/datasets-certs.sh: scNum: 88, scMd5: a9b69b25fdfe0b4b6c22f43a2989b0ab
*** DEBUG: /work/sca-datasets/bin/datasets-certs.sh: zipIndex: 76430
*** DEBUG: /work/sca-datasets/bin/datasets-certs.sh: subFile: /work/sca-datasets/rawdata/cert-subs/607243.html
*** DEBUG: /work/sca-datasets/bin/datasets-certs.sh: bulletinId: 
*** DEBUG: /work/sca-datasets/bin/datasets-certs.sh: sc: /mnt/datalake/rawdata/cert-supportconfigs/76430/zipname.txt
*** DEBUG: /work/sca-datasets/bin/datasets-certs.sh: scNum: 89, scMd5: 669677bbf321d9104a05842c73c9963f
*** DEBUG: /work/sca-datasets/bin/datasets-certs.sh: zipIndex: 76430
*** DEBUG: /work/sca-datasets/bin/datasets-certs.sh: subFile: /work/sca-datasets/rawdata/cert-subs/607243.html
*** DEBUG: /work/sca-datasets/bin/datasets-certs.sh: bulletinId: 
*** DEBUG: /work/sca-datasets/bin/datasets-certs.sh: sc: /mnt/datalake/rawdata/cert-supportconfigs/76431/nts_linux_220211_1556.tbz
*** DEBUG: /work/sca-datasets/bin/datasets-certs.sh: scNum: 90, scMd5: 1ac2ed402abc79f82447ca20090149be
*** DEBUG: /work/sca-datasets/bin/datasets-certs.sh: zipIndex: 76431
*** DEBUG: /work/sca-datasets/bin/datasets-certs.sh: subFile: /work/sca-datasets/rawdata/cert-subs/607244.html
*** DEBUG: /work/sca-datasets/bin/datasets-certs.sh: bulletinId: 
*** DEBUG: /work/sca-datasets/bin/datasets-certs.sh: sc: /mnt/datalake/rawdata/cert-supportconfigs/76431/zipname.txt
*** DEBUG: /work/sca-datasets/bin/datasets-certs.sh: scNum: 91, scMd5: b0b5535261594dd6603111586d46c3bd
*** DEBUG: /work/sca-datasets/bin/datasets-certs.sh: zipIndex: 76431
*** DEBUG: /work/sca-datasets/bin/datasets-certs.sh: subFile: /work/sca-datasets/rawdata/cert-subs/607244.html
*** DEBUG: /work/sca-datasets/bin/datasets-certs.sh: bulletinId: 
*** DEBUG: /work/sca-datasets/bin/datasets-certs.sh: sc: /mnt/datalake/rawdata/cert-supportconfigs/76432/scc_install_220212_1111.txz
*** DEBUG: /work/sca-datasets/bin/datasets-certs.sh: scNum: 92, scMd5: 267450228d43674dd72ee425e3fdccbd
*** DEBUG: /work/sca-datasets/bin/datasets-certs.sh: zipIndex: 76432
*** DEBUG: /work/sca-datasets/bin/datasets-certs.sh: subFile: /work/sca-datasets/rawdata/cert-subs/607245.html
*** DEBUG: /work/sca-datasets/bin/datasets-certs.sh: bulletinId: 
*** DEBUG: /work/sca-datasets/bin/datasets-certs.sh: sc: /mnt/datalake/rawdata/cert-supportconfigs/76432/zipname.txt
*** DEBUG: /work/sca-datasets/bin/datasets-certs.sh: scNum: 93, scMd5: d5a015272a348b70aa62d5d3fe9e9b42
*** DEBUG: /work/sca-datasets/bin/datasets-certs.sh: zipIndex: 76432
*** DEBUG: /work/sca-datasets/bin/datasets-certs.sh: subFile: /work/sca-datasets/rawdata/cert-subs/607245.html
*** DEBUG: /work/sca-datasets/bin/datasets-certs.sh: bulletinId: 
*** DEBUG: /work/sca-datasets/bin/datasets-certs.sh: sc: /mnt/datalake/rawdata/cert-supportconfigs/76433/scc_localhost_191108_2015.txz
*** DEBUG: /work/sca-datasets/bin/datasets-certs.sh: scNum: 94, scMd5: 10f225ad0f2b93a3b1b67d0dcbbe6ffd
*** DEBUG: /work/sca-datasets/bin/datasets-certs.sh: zipIndex: 76433
*** DEBUG: /work/sca-datasets/bin/datasets-certs.sh: subFile: /work/sca-datasets/rawdata/cert-subs/607246.html
*** DEBUG: /work/sca-datasets/bin/datasets-certs.sh: bulletinId: 
*** DEBUG: /work/sca-datasets/bin/datasets-certs.sh: sc: /mnt/datalake/rawdata/cert-supportconfigs/76433/scc_localhost_220215_1015.txz
*** DEBUG: /work/sca-datasets/bin/datasets-certs.sh: scNum: 95, scMd5: 8fa30353d264ea260ed303f224009443
*** DEBUG: /work/sca-datasets/bin/datasets-certs.sh: zipIndex: 76433
*** DEBUG: /work/sca-datasets/bin/datasets-certs.sh: subFile: /work/sca-datasets/rawdata/cert-subs/607246.html
*** DEBUG: /work/sca-datasets/bin/datasets-certs.sh: bulletinId: 
*** DEBUG: /work/sca-datasets/bin/datasets-certs.sh: sc: /mnt/datalake/rawdata/cert-supportconfigs/76433/zipname.txt
*** DEBUG: /work/sca-datasets/bin/datasets-certs.sh: scNum: 96, scMd5: a2907d86e0f7f9690da793e4997d5198
*** DEBUG: /work/sca-datasets/bin/datasets-certs.sh: zipIndex: 76433
*** DEBUG: /work/sca-datasets/bin/datasets-certs.sh: subFile: /work/sca-datasets/rawdata/cert-subs/607246.html
*** DEBUG: /work/sca-datasets/bin/datasets-certs.sh: bulletinId: 
*** DEBUG: /work/sca-datasets/bin/datasets-certs.sh: sc: /mnt/datalake/rawdata/cert-supportconfigs/76434/scc_SUT-w530_220111_1649.txz
*** DEBUG: /work/sca-datasets/bin/datasets-certs.sh: scNum: 97, scMd5: 5e60d7c1198386e3bfdd7726d6f00b53
*** DEBUG: /work/sca-datasets/bin/datasets-certs.sh: zipIndex: 76434
*** DEBUG: /work/sca-datasets/bin/datasets-certs.sh: subFile: /work/sca-datasets/rawdata/cert-subs/607247.html
*** DEBUG: /work/sca-datasets/bin/datasets-certs.sh: bulletinId: 
*** DEBUG: /work/sca-datasets/bin/datasets-certs.sh: sc: /mnt/datalake/rawdata/cert-supportconfigs/76434/zipname.txt
*** DEBUG: /work/sca-datasets/bin/datasets-certs.sh: scNum: 98, scMd5: 3765bc20d3782688dde4b9d8547340a9
*** DEBUG: /work/sca-datasets/bin/datasets-certs.sh: zipIndex: 76434
*** DEBUG: /work/sca-datasets/bin/datasets-certs.sh: subFile: /work/sca-datasets/rawdata/cert-subs/607247.html
*** DEBUG: /work/sca-datasets/bin/datasets-certs.sh: bulletinId: 
*** DEBUG: /work/sca-datasets/bin/datasets-certs.sh: sc: /mnt/datalake/rawdata/cert-supportconfigs/76435/scc_SUT_220215_0055.txz
*** DEBUG: /work/sca-datasets/bin/datasets-certs.sh: scNum: 99, scMd5: 1895a3b07c82baee00e8d4b193b58ddf
*** DEBUG: /work/sca-datasets/bin/datasets-certs.sh: zipIndex: 76435
*** DEBUG: /work/sca-datasets/bin/datasets-certs.sh: subFile: /work/sca-datasets/rawdata/cert-subs/607248.html
*** DEBUG: /work/sca-datasets/bin/datasets-certs.sh: bulletinId: 
*** DEBUG: /work/sca-datasets/bin/datasets-certs.sh: sc: /mnt/datalake/rawdata/cert-supportconfigs/76435/scc_SUT_220215_0448.txz
*** DEBUG: /work/sca-datasets/bin/datasets-certs.sh: scNum: 100, scMd5: 25a81333d81a31623beb86c65560b4f1
*** DEBUG: /work/sca-datasets/bin/datasets-certs.sh: zipIndex: 76435
*** DEBUG: /work/sca-datasets/bin/datasets-certs.sh: subFile: /work/sca-datasets/rawdata/cert-subs/607248.html
*** DEBUG: /work/sca-datasets/bin/datasets-certs.sh: bulletinId: 
*** DEBUG: /work/sca-datasets/bin/datasets-certs.sh: sc: /mnt/datalake/rawdata/cert-supportconfigs/76435/zipname.txt
*** DEBUG: /work/sca-datasets/bin/datasets-certs.sh: scNum: 101, scMd5: 66cf7d7b15e2304ad3163caa4eec7b55
*** DEBUG: /work/sca-datasets/bin/datasets-certs.sh: zipIndex: 76435
*** DEBUG: /work/sca-datasets/bin/datasets-certs.sh: subFile: /work/sca-datasets/rawdata/cert-subs/607248.html
*** DEBUG: /work/sca-datasets/bin/datasets-certs.sh: bulletinId: 
*** DEBUG: /work/sca-datasets/bin/datasets-certs.sh: sc: /mnt/datalake/rawdata/cert-supportconfigs/76436/scc_SUT_220215_0055.txz
*** DEBUG: /work/sca-datasets/bin/datasets-certs.sh: scNum: 102, scMd5: 1895a3b07c82baee00e8d4b193b58ddf
*** DEBUG: /work/sca-datasets/bin/datasets-certs.sh: zipIndex: 76436
*** DEBUG: /work/sca-datasets/bin/datasets-certs.sh: subFile: /work/sca-datasets/rawdata/cert-subs/607249.html
*** DEBUG: /work/sca-datasets/bin/datasets-certs.sh: bulletinId: 
*** DEBUG: /work/sca-datasets/bin/datasets-certs.sh: sc: /mnt/datalake/rawdata/cert-supportconfigs/76436/scc_SUT_220215_0448.txz
*** DEBUG: /work/sca-datasets/bin/datasets-certs.sh: scNum: 103, scMd5: 25a81333d81a31623beb86c65560b4f1
*** DEBUG: /work/sca-datasets/bin/datasets-certs.sh: zipIndex: 76436
*** DEBUG: /work/sca-datasets/bin/datasets-certs.sh: subFile: /work/sca-datasets/rawdata/cert-subs/607249.html
*** DEBUG: /work/sca-datasets/bin/datasets-certs.sh: bulletinId: 
*** DEBUG: /work/sca-datasets/bin/datasets-certs.sh: sc: /mnt/datalake/rawdata/cert-supportconfigs/76436/zipname.txt
*** DEBUG: /work/sca-datasets/bin/datasets-certs.sh: scNum: 104, scMd5: 66cf7d7b15e2304ad3163caa4eec7b55
*** DEBUG: /work/sca-datasets/bin/datasets-certs.sh: zipIndex: 76436
*** DEBUG: /work/sca-datasets/bin/datasets-certs.sh: subFile: /work/sca-datasets/rawdata/cert-subs/607249.html
*** DEBUG: /work/sca-datasets/bin/datasets-certs.sh: bulletinId: 
*** DEBUG: /work/sca-datasets/bin/datasets-certs.sh: sc: /mnt/datalake/rawdata/cert-supportconfigs/76444/scc_localhost_220216_2001.txz
*** DEBUG: /work/sca-datasets/bin/datasets-certs.sh: scNum: 105, scMd5: e52f26714bfda501246242f1a5465168
*** DEBUG: /work/sca-datasets/bin/datasets-certs.sh: zipIndex: 76444
*** DEBUG: /work/sca-datasets/bin/datasets-certs.sh: subFile: /work/sca-datasets/rawdata/cert-subs/607257.html
*** DEBUG: /work/sca-datasets/bin/datasets-certs.sh: bulletinId: 
*** DEBUG: /work/sca-datasets/bin/datasets-certs.sh: sc: /mnt/datalake/rawdata/cert-supportconfigs/76444/scc_localhost_220217_0835.txz
*** DEBUG: /work/sca-datasets/bin/datasets-certs.sh: scNum: 106, scMd5: ded381b65f57ed4c6579bfa95cff6775
*** DEBUG: /work/sca-datasets/bin/datasets-certs.sh: zipIndex: 76444
*** DEBUG: /work/sca-datasets/bin/datasets-certs.sh: subFile: /work/sca-datasets/rawdata/cert-subs/607257.html
*** DEBUG: /work/sca-datasets/bin/datasets-certs.sh: bulletinId: 
*** DEBUG: /work/sca-datasets/bin/datasets-certs.sh: sc: /mnt/datalake/rawdata/cert-supportconfigs/76444/scc_localhost_220217_0933.txz
*** DEBUG: /work/sca-datasets/bin/datasets-certs.sh: scNum: 107, scMd5: 74c7a0398d90ac20f0599c5d265579a3
*** DEBUG: /work/sca-datasets/bin/datasets-certs.sh: zipIndex: 76444
*** DEBUG: /work/sca-datasets/bin/datasets-certs.sh: subFile: /work/sca-datasets/rawdata/cert-subs/607257.html
*** DEBUG: /work/sca-datasets/bin/datasets-certs.sh: bulletinId: 
*** DEBUG: /work/sca-datasets/bin/datasets-certs.sh: sc: /mnt/datalake/rawdata/cert-supportconfigs/76444/scc_localhost_220217_1029.txz
*** DEBUG: /work/sca-datasets/bin/datasets-certs.sh: scNum: 108, scMd5: 8b2c0f1e9bab03b020b5c448842288ca
*** DEBUG: /work/sca-datasets/bin/datasets-certs.sh: zipIndex: 76444
*** DEBUG: /work/sca-datasets/bin/datasets-certs.sh: subFile: /work/sca-datasets/rawdata/cert-subs/607257.html
*** DEBUG: /work/sca-datasets/bin/datasets-certs.sh: bulletinId: 
*** DEBUG: /work/sca-datasets/bin/datasets-certs.sh: sc: /mnt/datalake/rawdata/cert-supportconfigs/76444/zipname.txt
*** DEBUG: /work/sca-datasets/bin/datasets-certs.sh: scNum: 109, scMd5: 0ca0c2f339765860fa879e15f05d405b
*** DEBUG: /work/sca-datasets/bin/datasets-certs.sh: zipIndex: 76444
*** DEBUG: /work/sca-datasets/bin/datasets-certs.sh: subFile: /work/sca-datasets/rawdata/cert-subs/607257.html
*** DEBUG: /work/sca-datasets/bin/datasets-certs.sh: bulletinId: 
*** DEBUG: /work/sca-datasets/bin/datasets-certs.sh: sc: /mnt/datalake/rawdata/cert-supportconfigs/76446/scc_localhost_220214_1508.txz
*** DEBUG: /work/sca-datasets/bin/datasets-certs.sh: scNum: 110, scMd5: 464e70bee81089d4af967f0bf6df04b8
*** DEBUG: /work/sca-datasets/bin/datasets-certs.sh: zipIndex: 76446
*** DEBUG: /work/sca-datasets/bin/datasets-certs.sh: subFile: /work/sca-datasets/rawdata/cert-subs/607260.html
*** DEBUG: /work/sca-datasets/bin/datasets-certs.sh: bulletinId: 
*** DEBUG: /work/sca-datasets/bin/datasets-certs.sh: sc: /mnt/datalake/rawdata/cert-supportconfigs/76446/zipname.txt
*** DEBUG: /work/sca-datasets/bin/datasets-certs.sh: scNum: 111, scMd5: b3edf417664dd4d28b2b6cd718e78416
*** DEBUG: /work/sca-datasets/bin/datasets-certs.sh: zipIndex: 76446
*** DEBUG: /work/sca-datasets/bin/datasets-certs.sh: subFile: /work/sca-datasets/rawdata/cert-subs/607260.html
*** DEBUG: /work/sca-datasets/bin/datasets-certs.sh: bulletinId: 
*** DEBUG: /work/sca-datasets/bin/datasets-certs.sh: sc: /mnt/datalake/rawdata/cert-supportconfigs/new-20220219.txt
*** DEBUG: /work/sca-datasets/bin/datasets-certs.sh: scNum: 112, scMd5: d65a111bef9962ad2b1b6dffa5ed50cf
*** DEBUG: /work/sca-datasets/bin/datasets-certs.sh: zipIndex: cert-supportconfigs
*** DEBUG: /work/sca-datasets/bin/datasets-certs.sh: subFile: 
*** DEBUG: /work/sca-datasets/bin/datasets-certs.sh: sc: /mnt/datalake/rawdata/cert-supportconfigs/new.txt
*** DEBUG: /work/sca-datasets/bin/datasets-certs.sh: scNum: 113, scMd5: d65a111bef9962ad2b1b6dffa5ed50cf
*** DEBUG: /work/sca-datasets/bin/datasets-certs.sh: zipIndex: cert-supportconfigs
*** DEBUG: /work/sca-datasets/bin/datasets-certs.sh: subFile: 
